c:\users\student\desktop\nouveau dossier\sfml-first\debug\vc142.pdb
c:\users\student\desktop\nouveau dossier\sfml-first\debug\vc142.idb
c:\users\student\desktop\nouveau dossier\sfml-first\debug\trigger.obj
c:\users\student\desktop\nouveau dossier\sfml-first\debug\staticenemy.obj
c:\users\student\desktop\nouveau dossier\sfml-first\debug\simpleenemy.obj
c:\users\student\desktop\nouveau dossier\sfml-first\debug\projectile.obj
c:\users\student\desktop\nouveau dossier\sfml-first\debug\player.obj
c:\users\student\desktop\nouveau dossier\sfml-first\debug\obstacleenemy.obj
c:\users\student\desktop\nouveau dossier\sfml-first\debug\musiccontroller.obj
c:\users\student\desktop\nouveau dossier\sfml-first\debug\movableenemy.obj
c:\users\student\desktop\nouveau dossier\sfml-first\debug\movable.obj
c:\users\student\desktop\nouveau dossier\sfml-first\debug\main.obj
c:\users\student\desktop\nouveau dossier\sfml-first\debug\level.obj
c:\users\student\desktop\nouveau dossier\sfml-first\debug\inputcontroller.obj
c:\users\student\desktop\nouveau dossier\sfml-first\debug\gamemenu.obj
c:\users\student\desktop\nouveau dossier\sfml-first\debug\gamecontroller.obj
c:\users\student\desktop\nouveau dossier\sfml-first\debug\enemy.obj
c:\users\student\desktop\nouveau dossier\sfml-first\debug\element.obj
c:\users\student\desktop\nouveau dossier\sfml-first\debug\creature.obj
c:\users\student\desktop\nouveau dossier\sfml-first\debug\collectable.obj
c:\users\student\desktop\nouveau dossier\sfml-first\debug\sfml-first.ilk
c:\users\student\desktop\nouveau dossier\sfml-first\debug\sfml-first.exe
c:\users\student\desktop\nouveau dossier\sfml-first\debug\sfml-first.pdb
c:\users\student\desktop\nouveau dossier\sfml-first\debug\vcpkg.applocal.log
c:\users\student\desktop\nouveau dossier\sfml-first\debug\sfml-audio-d-2.dll
c:\users\student\desktop\nouveau dossier\sfml-first\debug\sfml-system-d-2.dll
c:\users\student\desktop\nouveau dossier\sfml-first\debug\openal32.dll
c:\users\student\desktop\nouveau dossier\sfml-first\debug\vorbisenc.dll
c:\users\student\desktop\nouveau dossier\sfml-first\debug\vorbis.dll
c:\users\student\desktop\nouveau dossier\sfml-first\debug\ogg.dll
c:\users\student\desktop\nouveau dossier\sfml-first\debug\vorbisfile.dll
c:\users\student\desktop\nouveau dossier\sfml-first\debug\flac.dll
c:\users\student\desktop\nouveau dossier\sfml-first\debug\sfml-graphics-d-2.dll
c:\users\student\desktop\nouveau dossier\sfml-first\debug\sfml-window-d-2.dll
c:\users\student\desktop\nouveau dossier\sfml-first\debug\freetyped.dll
c:\users\student\desktop\nouveau dossier\sfml-first\debug\zlibd1.dll
c:\users\student\desktop\nouveau dossier\sfml-first\debug\bz2d.dll
c:\users\student\desktop\nouveau dossier\sfml-first\debug\libpng16d.dll
c:\users\student\desktop\nouveau dossier\sfml-first\debug\sfml-first.tlog\cl.command.1.tlog
c:\users\student\desktop\nouveau dossier\sfml-first\debug\sfml-first.tlog\cl.read.1.tlog
c:\users\student\desktop\nouveau dossier\sfml-first\debug\sfml-first.tlog\cl.write.1.tlog
c:\users\student\desktop\nouveau dossier\sfml-first\debug\sfml-first.tlog\link.command.1.tlog
c:\users\student\desktop\nouveau dossier\sfml-first\debug\sfml-first.tlog\link.read.1.tlog
c:\users\student\desktop\nouveau dossier\sfml-first\debug\sfml-first.tlog\link.write.1.tlog
c:\users\student\desktop\nouveau dossier\sfml-first\debug\sfml-first.tlog\sfml-first.write.1u.tlog
